生成启动时间为 2016/1/7 10:05:41。
     1>项目“D:\Documents\Visual Studio 2013\Projects\eigenface\eigenface\eigenface.vcxproj”在节点 2 上(Build 个目标)。
     1>C:\Program Files (x86)\MSBuild\Microsoft.Cpp\v4.0\V120\Microsoft.CppBuild.targets(381,5): warning MSB8028: The intermediate directory (Debug\) contains files shared from another project (mytrain.vcxproj).  This can lead to incorrect clean and rebuild behavior.
     1>ClCompile:
         C:\Program Files (x86)\Microsoft Visual Studio 12.0\VC\bin\CL.exe /c /ZI /nologo /W3 /WX- /sdl /Od /Oy- /D WIN32 /D _DEBUG /D _CONSOLE /D _LIB /D _UNICODE /D UNICODE /Gm /EHsc /RTC1 /MDd /GS /fp:precise /Zc:wchar_t /Zc:forScope /Fo"Debug\\" /Fd"Debug\vc120.pdb" /Gd /TP /analyze- /errorReport:prompt mytrain.cpp
         mytrain.cpp
     1>d:\documents\visual studio 2013\projects\eigenface\eigenface\mytrain.cpp(100): warning C4244: “=”: 从“float”转换到“uchar”，可能丢失数据
     1>d:\documents\visual studio 2013\projects\eigenface\eigenface\mytrain.cpp(101): warning C4244: “=”: 从“float”转换到“uchar”，可能丢失数据
     1>d:\documents\visual studio 2013\projects\eigenface\eigenface\mytrain.cpp(102): warning C4244: “=”: 从“float”转换到“uchar”，可能丢失数据
     1>d:\documents\visual studio 2013\projects\eigenface\eigenface\mytrain.cpp(103): warning C4244: “=”: 从“float”转换到“uchar”，可能丢失数据
     1>d:\documents\visual studio 2013\projects\eigenface\eigenface\mytrain.cpp(104): warning C4244: “=”: 从“float”转换到“uchar”，可能丢失数据
     1>d:\documents\visual studio 2013\projects\eigenface\eigenface\mytrain.cpp(111): warning C4244: “=”: 从“float”转换到“uchar”，可能丢失数据
     1>d:\documents\visual studio 2013\projects\eigenface\eigenface\mytrain.cpp(112): warning C4244: “=”: 从“float”转换到“uchar”，可能丢失数据
     1>d:\documents\visual studio 2013\projects\eigenface\eigenface\mytrain.cpp(113): warning C4244: “=”: 从“float”转换到“uchar”，可能丢失数据
     1>d:\documents\visual studio 2013\projects\eigenface\eigenface\mytrain.cpp(114): warning C4244: “=”: 从“float”转换到“uchar”，可能丢失数据
     1>d:\documents\visual studio 2013\projects\eigenface\eigenface\mytrain.cpp(115): warning C4244: “=”: 从“float”转换到“uchar”，可能丢失数据
       Link:
         C:\Program Files (x86)\Microsoft Visual Studio 12.0\VC\bin\link.exe /ERRORREPORT:PROMPT /OUT:"D:\Documents\Visual Studio 2013\Projects\eigenface\Debug\eigenface.exe" /INCREMENTAL /NOLOGO opencv_ml249d.lib opencv_calib3d249d.lib opencv_contrib249d.lib opencv_core249d.lib opencv_features2d249d.lib opencv_flann249d.lib opencv_gpu249d.lib opencv_highgui249d.lib opencv_imgproc249d.lib opencv_legacy249d.lib opencv_objdetect249d.lib opencv_ts249d.lib opencv_video249d.lib opencv_nonfree249d.lib opencv_ocl249d.lib opencv_photo249d.lib opencv_stitching249d.lib opencv_superres249d.lib opencv_videostab249d.lib kernel32.lib user32.lib gdi32.lib winspool.lib comdlg32.lib advapi32.lib shell32.lib ole32.lib oleaut32.lib uuid.lib odbc32.lib odbccp32.lib /MANIFEST /MANIFESTUAC:"level='asInvoker' uiAccess='false'" /manifest:embed /DEBUG /PDB:"D:\Documents\Visual Studio 2013\Projects\eigenface\Debug\eigenface.pdb" /SUBSYSTEM:CONSOLE /TLBID:1 /DYNAMICBASE /NXCOMPAT /IMPLIB:"D:\Documents\Visual Studio 2013\Projects\eigenface\Debug\eigenface.lib" /MACHINE:X86 Debug\mytrain.obj
         eigenface.vcxproj -> D:\Documents\Visual Studio 2013\Projects\eigenface\Debug\eigenface.exe
     1>已完成生成项目“D:\Documents\Visual Studio 2013\Projects\eigenface\eigenface\eigenface.vcxproj”(Build 个目标)的操作。

生成成功。

已用时间 00:00:00.89
